2023-07-14 17:37:01,baseAPI(line:35),INFO|模块名:Login,接口名:login
        请求的url:http://42.192.62.8:8082/account/sLogin
        请求方法:POST
        请求体:username=th0198&password=c607d58e3618832f937d80d500a6046c
        响应体:{'code': 20000, 'data': {'token': 'eyJ0eXAiOiJKV1QiLCJhbGciOiJIUzI1NiJ9.eyJleHAiOjE2ODkzMzEwMjIsInVzZXJJZCI6MTA3MDIsInVzZXJuYW1lIjoidGgwMTk4In0.yOKwwwUafzVEiDC7_waELGEMK8KXqFcJloncXONP5t4'}, 'flag': '松勤教育', 'msg': '成功', 'success': False}
2023-07-14 17:37:01,apiAssert(line:30),INFO|登录接口断言,断言类型:==,断言结果:验证通过，预期结果:成功,实际结果:成功
2023-07-14 17:37:02,baseAPI(line:35),INFO|模块名:Login,接口名:login
        请求的url:http://42.192.62.8:8082/account/sLogin
        请求方法:POST
        请求体:username=th0198&password=d41d8cd98f00b204e9800998ecf8427e
        响应体:{'code': 9999, 'data': '', 'flag': '松勤教育', 'msg': '输入的密码错误!', 'success': False}
2023-07-14 17:37:02,apiAssert(line:30),INFO|登录接口断言,断言类型:==,断言结果:验证通过，预期结果:输入的密码错误!,实际结果:输入的密码错误!
2023-07-14 17:37:02,baseAPI(line:35),INFO|模块名:Login,接口名:login
        请求的url:http://42.192.62.8:8082/account/sLogin
        请求方法:POST
        请求体:username=&password=c607d58e3618832f937d80d500a6046c
        响应体:{'code': 9999, 'data': '', 'flag': '松勤教育', 'msg': '该用户不存在!', 'success': False}
2023-07-14 17:37:02,apiAssert(line:30),INFO|登录接口断言,断言类型:==,断言结果:验证通过，预期结果:该用户不存在!,实际结果:该用户不存在!
2023-07-14 17:37:02,baseAPI(line:35),INFO|模块名:Login,接口名:login
        请求的url:http://42.192.62.8:8082/account/sLogin
        请求方法:POST
        请求体:username=&password=d41d8cd98f00b204e9800998ecf8427e
        响应体:{'code': 9999, 'data': '', 'flag': '松勤教育', 'msg': '该用户不存在!', 'success': False}
2023-07-14 17:37:02,apiAssert(line:30),INFO|登录接口断言,断言类型:==,断言结果:验证通过，预期结果:该用户不存在!,实际结果:该用户不存在!
2023-07-14 17:37:02,baseAPI(line:35),INFO|模块名:Login,接口名:login
        请求的url:http://42.192.62.8:8082/account/sLogin
        请求方法:POST
        请求体:username=th0198&password=68053af2923e00204c3ca7c6a3150cf7
        响应体:{'code': 9999, 'data': '', 'flag': '松勤教育', 'msg': '输入的密码错误!', 'success': False}
2023-07-14 17:37:02,apiAssert(line:30),INFO|登录接口断言,断言类型:==,断言结果:验证通过，预期结果:输入的密码错误!,实际结果:输入的密码错误!
2023-07-14 17:37:02,baseAPI(line:35),INFO|模块名:Login,接口名:login
        请求的url:http://42.192.62.8:8082/account/sLogin
        请求方法:POST
        请求体:username=abcde&password=c607d58e3618832f937d80d500a6046c
        响应体:{'code': 9999, 'data': '', 'flag': '松勤教育', 'msg': '该用户不存在!', 'success': False}
2023-07-14 17:37:02,apiAssert(line:30),INFO|登录接口断言,断言类型:==,断言结果:验证通过，预期结果:该用户不存在!,实际结果:该用户不存在!
